<?xml version="1.0" encoding="UTF-8"?>
<testsuite xmlns:xsi="http://www.w3.org/2001/XMLSchema-instance" xsi:noNamespaceSchemaLocation="https://maven.apache.org/surefire/maven-surefire-plugin/xsd/surefire-test-report-3.0.xsd" version="3.0" name="SortTest" time="0.309" tests="5" errors="0" skipped="0" failures="0">
  <properties>
[...]
</properties>
  <testcase name="testSingleElement" classname="SortTest" time="0.17"/>
  <testcase name="testEmptyArray" classname="SortTest" time="0.004"/>
  <testcase name="testDuplicateValues" classname="SortTest" time="0.005"/>
  <testcase name="testReverseArray" classname="SortTest" time="0.006"/>
  <testcase name="testSortedArray" classname="SortTest" time="0.002"/>
</testsuite>